<?xml version="1.0" encoding="UTF-8"?>
<testng-results ignored="0" total="7" passed="7" failed="0" skipped="0">
  <reporter-output>
  </reporter-output>
  <suite started-at="2022-04-13T12:52:10 IST" name="Default suite" finished-at="2022-04-13T12:52:34 IST" duration-ms="23537">
    <groups>
    </groups>
    <test started-at="2022-04-13T12:52:10 IST" name="Default test" finished-at="2022-04-13T12:52:34 IST" duration-ms="23537">
      <class name="Tests.KB_Flow">
        <test-method is-config="true" signature="openBrowser()[pri:0, instance:Tests.KB_Flow@3012646b]" started-at="2022-04-13T12:52:10 IST" name="openBrowser" finished-at="2022-04-13T12:52:21 IST" duration-ms="11193" status="PASS">
          <reporter-output>
          </reporter-output>
        </test-method> <!-- openBrowser -->
        <test-method signature="checkbox()[pri:0, instance:Tests.KB_Flow@3012646b]" started-at="2022-04-13T12:52:21 IST" name="checkbox" finished-at="2022-04-13T12:52:23 IST" duration-ms="2203" status="PASS">
          <reporter-output>
          </reporter-output>
        </test-method> <!-- checkbox -->
        <test-method signature="POST_Create()[pri:0, instance:Tests.KB_Flow@3012646b]" started-at="2022-04-13T12:52:23 IST" name="POST_Create" finished-at="2022-04-13T12:52:24 IST" duration-ms="293" status="PASS">
          <reporter-output>
          </reporter-output>
        </test-method> <!-- POST_Create -->
        <test-method signature="Personal_Information_Scripts_1(java.lang.String,java.lang.String)[pri:0, instance:Tests.KB_Flow@3012646b]" started-at="2022-04-13T12:52:26 IST" name="Personal_Information_Scripts_1" data-provider="PI" finished-at="2022-04-13T12:52:28 IST" depends-on-methods="Tests.KB_Flow.checkbox" duration-ms="2561" status="PASS">
          <params>
            <param index="0">
              <value>
                <![CDATA[karthik]]>
              </value>
            </param>
            <param index="1">
              <value>
                <![CDATA[raj]]>
              </value>
            </param>
          </params>
          <reporter-output>
          </reporter-output>
        </test-method> <!-- Personal_Information_Scripts_1 -->
        <test-method signature="Personal_Information_Scripts_1(java.lang.String,java.lang.String)[pri:0, instance:Tests.KB_Flow@3012646b]" started-at="2022-04-13T12:52:28 IST" name="Personal_Information_Scripts_1" data-provider="PI" finished-at="2022-04-13T12:52:31 IST" depends-on-methods="Tests.KB_Flow.checkbox" duration-ms="2411" status="PASS">
          <params>
            <param index="0">
              <value>
                <![CDATA[raj]]>
              </value>
            </param>
            <param index="1">
              <value>
                <![CDATA[vi]]>
              </value>
            </param>
          </params>
          <reporter-output>
          </reporter-output>
        </test-method> <!-- Personal_Information_Scripts_1 -->
        <test-method signature="Personal_Information_Scripts_1(java.lang.String,java.lang.String)[pri:0, instance:Tests.KB_Flow@3012646b]" started-at="2022-04-13T12:52:31 IST" name="Personal_Information_Scripts_1" data-provider="PI" finished-at="2022-04-13T12:52:33 IST" depends-on-methods="Tests.KB_Flow.checkbox" duration-ms="2381" status="PASS">
          <params>
            <param index="0">
              <value>
                <![CDATA[li]]>
              </value>
            </param>
            <param index="1">
              <value>
                <![CDATA[sa]]>
              </value>
            </param>
          </params>
          <reporter-output>
          </reporter-output>
        </test-method> <!-- Personal_Information_Scripts_1 -->
        <test-method signature="GET_Eligibility()[pri:0, instance:Tests.KB_Flow@3012646b]" started-at="2022-04-13T12:52:33 IST" name="GET_Eligibility" finished-at="2022-04-13T12:52:33 IST" depends-on-methods="Generic.KhataBook_UAT.POST_Create" duration-ms="291" status="PASS">
          <reporter-output>
          </reporter-output>
        </test-method> <!-- GET_Eligibility -->
        <test-method signature="POST_generateLink()[pri:0, instance:Tests.KB_Flow@3012646b]" started-at="2022-04-13T12:52:33 IST" name="POST_generateLink" finished-at="2022-04-13T12:52:34 IST" depends-on-methods="Generic.KhataBook_UAT.GET_Eligibility" duration-ms="323" status="PASS">
          <reporter-output>
          </reporter-output>
        </test-method> <!-- POST_generateLink -->
      </class> <!-- Tests.KB_Flow -->
    </test> <!-- Default test -->
  </suite> <!-- Default suite -->
</testng-results>
