<?xml version="1.0" encoding="UTF-8"?>
<!-- Generated by org.testng.reporters.JUnitXMLReporter -->
<testsuite ignored="0" hostname="TYSS-Karthik" failures="0" tests="7" name="Default test" time="23.537" errors="0" timestamp="2022-04-13T12:52:34 IST">
  <testcase classname="Tests.KB_Flow" name="checkbox" time="2.203"/>
  <testcase classname="Generic.KhataBook_UAT" name="POST_Create" time="0.293"/>
  <testcase classname="Tests.KB_Flow" name="Personal_Information_Scripts_1" time="2.561"/>
  <testcase classname="Tests.KB_Flow" name="Personal_Information_Scripts_1" time="2.411"/>
  <testcase classname="Tests.KB_Flow" name="Personal_Information_Scripts_1" time="2.381"/>
  <testcase classname="Generic.KhataBook_UAT" name="GET_Eligibility" time="0.291"/>
  <testcase classname="Generic.KhataBook_UAT" name="POST_generateLink" time="0.323"/>
</testsuite> <!-- Default test -->
